<?xml version="1.0" encoding="UTF-8"?>
<!-- Generated by org.testng.reporters.JUnitReportReporter -->
<testsuite skipped="0" hostname="LAPTOP-1EFRPI7J" name="wmrtTestNG.NewTestNG" tests="1" failures="0" timestamp="12 Apr 2018 23:47:29 GMT" time="69.938" errors="0">
  <testcase name="testBody" time="69.938" classname="wmrtTestNG.NewTestNG"/>
</testsuite> <!-- wmrtTestNG.NewTestNG -->
